(node:14455) Warning: SECURITY WARNING: The SSL modes 'prefer', 'require', and 'verify-ca' are treated as aliases for 'verify-full'.
In the next major version (pg-connection-string v3.0.0 and pg v9.0.0), these modes will adopt standard libpq semantics, which have weaker security guarantees.

To prepare for this change:
- If you want the current behavior, explicitly use 'sslmode=verify-full'
- If you want libpq compatibility now, use 'uselibpqcompat=true&sslmode=require'

See https://www.postgresql.org/docs/current/libpq-ssl.html for libpq SSL mode definitions.
(Use `node --trace-warnings ...` to show where the warning was created)
{"ts":"2026-04-02T18:32:18.428Z","level":"info","message":"rss_ingestion_completed","correlationId":"4e5af226-d6a7-4639-87aa-60e381e25d3c","summary":{"jobId":"4","feedsTotal":3,"feedsSucceeded":1,"feedsFailed":2,"rawInserted":0,"rawUpdated":20,"normalizedUpserted":20,"errors":[{"feedId":"1","endpoint":"https://www.reutersagency.com/feed/?best-topics=world&post_type=best","message":"Status code 404"},{"feedId":"3","endpoint":"https://www.state.gov/feed/","message":"Invalid character in entity name\nLine: 7\nColumn: 87\nChar: ="}]}}
{
  "ok": true,
  "summary": {
    "jobId": "4",
    "feedsTotal": 3,
    "feedsSucceeded": 1,
    "feedsFailed": 2,
    "rawInserted": 0,
    "rawUpdated": 20,
    "normalizedUpserted": 20,
    "errors": [
      {
        "feedId": "1",
        "endpoint": "https://www.reutersagency.com/feed/?best-topics=world&post_type=best",
        "message": "Status code 404"
      },
      {
        "feedId": "3",
        "endpoint": "https://www.state.gov/feed/",
        "message": "Invalid character in entity name\nLine: 7\nColumn: 87\nChar: ="
      }
    ]
  }
}
