
> war-news-dashboard@1.0.0 start
> react-scripts start

(node:15802) [DEP0176] DeprecationWarning: fs.F_OK is deprecated, use fs.constants.F_OK instead
(Use `node --trace-deprecation ...` to show where the warning was created)
(node:15802) [DEP_WEBPACK_DEV_SERVER_ON_AFTER_SETUP_MIDDLEWARE] DeprecationWarning: 'onAfterSetupMiddleware' option is deprecated. Please use the 'setupMiddlewares' option.
(node:15802) [DEP_WEBPACK_DEV_SERVER_ON_BEFORE_SETUP_MIDDLEWARE] DeprecationWarning: 'onBeforeSetupMiddleware' option is deprecated. Please use the 'setupMiddlewares' option.
[36mStarting the development server...[39m
[36m[39m
[32mCompiled successfully![39m

You can now view [1mwar-news-dashboard[22m in the browser.

  [1mLocal:[22m            http://localhost:[1m3000[22m
  [1mOn Your Network:[22m  http://10.0.1.119:[1m3000[22m

Note that the development build is not optimized.
To create a production build, use [36mnpm run build[39m.

webpack compiled [1m[32msuccessfully[39m[22m
(node:15802) [DEP0060] DeprecationWarning: The `util._extend` API is deprecated. Please use Object.assign() instead.
Compiling...
[32mCompiled successfully![39m
webpack compiled [1m[32msuccessfully[39m[22m
Compiling...
[32mCompiled successfully![39m
webpack compiled [1m[32msuccessfully[39m[22m
